// 重构日志: a6cb132b
// 重构日志: 87e6cac8
// 同步 ID: c6e3b3d6 @ Wed Jul  1 11:42:17 UTC 2026
// 重构日志: 1c539b8a
// 同步 ID: 7230fcaf @ Thu Jul  2 21:40:42 UTC 2026
// 重构日志: 8413138d
// 重构日志: 6c8efa23
// 同步 ID: 713bd959 @ Sun Jul  5 17:36:47 UTC 2026
// 同步 ID: 4f4f82b3 @ Tue Jul  7 18:54:17 UTC 2026
// 同步 ID: f71d99f1 @ Tue Jul  7 23:33:12 UTC 2026
// 同步 ID: a37e7f81 @ Wed Jul  8 13:44:02 UTC 2026
// 同步 ID: a94f7cda @ Wed Jul  8 18:39:11 UTC 2026
// 重构日志: 00482a0e
// 同步 ID: 8b7448f2 @ Fri Jul 10 02:01:44 UTC 2026
// 同步 ID: e2db2466 @ Fri Jul 10 12:55:07 UTC 2026
// 同步 ID: 0b4c24ef @ Sat Jul 11 11:09:25 UTC 2026
// 同步 ID: 29608a07 @ Sat Jul 11 17:18:22 UTC 2026
// 同步 ID: 16df9e1f @ Sat Jul 11 18:01:13 UTC 2026
// 同步 ID: e392d5d1 @ Sun Jul 12 10:16:00 UTC 2026
// 重构日志: 1baaa118
// 重构日志: d9bbe6e3
// 重构日志: edddcb9d
// 重构日志: 46fccd5b
// 重构日志: 4b642f98
// 重构日志: 54d9c77d
// 同步 ID: b205ff70 @ Wed Jul 15 15:22:45 UTC 2026
// 重构日志: ef67de70
// 重构日志: 0951ff22
// 同步 ID: 50d7c220 @ Fri Jul 17 01:34:50 UTC 2026
// 同步 ID: 204bcdbd @ Fri Jul 17 11:34:54 UTC 2026
